<?xml version="1.0" encoding="UTF-8" ?>
<testsuites>
  <testsuite errors="0" failures="0" hostname="chrix-iMac" id="0" name="ApplicationComponentsServiceIntegrationTests" package="rumal" tests="3" time="0.338" timestamp="2011-10-21T18:30:19">
      <properties />

      <testcase classname="rumal.ApplicationComponentsServiceIntegrationTests" name="testBuildApplication" time="0.102" />

      <testcase classname="rumal.ApplicationComponentsServiceIntegrationTests" name="testUserManagement" time="0.127" />

      <testcase classname="rumal.ApplicationComponentsServiceIntegrationTests" name="testRightsManagement" time="0.104" />

      <system-out><![CDATA[--Output from testBuildApplication--
--Output from testUserManagement--
--Output from testRightsManagement--
]]></system-out>

      <system-err><![CDATA[--Output from testBuildApplication--
--Output from testUserManagement--
--Output from testRightsManagement--
]]></system-err>

  </testsuite>
  <testsuite errors="0" failures="0" hostname="chrix-iMac" id="1" name="RightsCheckingServiceIntegrationTests" package="rumal" tests="4" time="1.304" timestamp="2011-10-21T18:30:17">
      <properties />

      <testcase classname="rumal.RightsCheckingServiceIntegrationTests" name="testUnauthorizedUser" time="1.032" />

      <testcase classname="rumal.RightsCheckingServiceIntegrationTests" name="testAuthorizedUser" time="0.108" />

      <testcase classname="rumal.RightsCheckingServiceIntegrationTests" name="testUnknownUser" time="0.048" />

      <testcase classname="rumal.RightsCheckingServiceIntegrationTests" name="testUnknownAction" time="0.073" />

      <system-out><![CDATA[--Output from testUnauthorizedUser--
--Output from testAuthorizedUser--
--Output from testUnknownUser--
--Output from testUnknownAction--
]]></system-out>

      <system-err><![CDATA[--Output from testUnauthorizedUser--
--Output from testAuthorizedUser--
--Output from testUnknownUser--
--Output from testUnknownAction--
]]></system-err>

  </testsuite>
</testsuites>
